<?xml version="1.0" encoding="UTF-8"?>
<!-- Generated by org.testng.reporters.JUnitReportReporter -->
<testsuite skipped="0" hostname="qainfotech-HP-Pro-3330-MT" name="com.qait.practice.consletter.TestConsLetters" tests="1" failures="0" timestamp="05 Feb 2019 13:06:51 GMT" time="0.023" errors="0">
  <testcase name="testLetters" time="0.023" classname="com.qait.practice.consletter.TestConsLetters"/>
</testsuite> <!-- com.qait.practice.consletter.TestConsLetters -->
